
> eventara@1.0.0 dev
> nodemon server/app.js

[33m[nodemon] 3.1.14[39m
[33m[nodemon] to restart at any time, enter `rs`[39m
[33m[nodemon] watching path(s): *.*[39m
[33m[nodemon] watching extensions: js,mjs,cjs,json[39m
[32m[nodemon] starting `node server/app.js`[39m
🚀 EVENTARA Server is running on port 3000
✅ Connected to MySQL database via XAMPP pool
[0mGET /js/dashboard/profile.js [36m304[0m 8.687 ms - -[0m
[0mGET /js/dashboard/bookings.js [36m304[0m 0.752 ms - -[0m
[0mGET /api/bookings/my [36m304[0m 47.030 ms - -[0m
[0mGET /events.html [36m304[0m 0.365 ms - -[0m
[0mGET /css/style.css [36m304[0m 0.568 ms - -[0m
[0mGET /css/landing.css [36m304[0m 0.207 ms - -[0m
[0mGET /js/events-page.js [36m304[0m 0.217 ms - -[0m
[0mGET /js/utils.js [36m304[0m 0.350 ms - -[0m
[0mGET /api/auth/me [36m304[0m 7.988 ms - -[0m
[0mGET /api/events?page=1&limit=12&sort=upcoming [36m304[0m 43.900 ms - -[0m
[0mGET /events.html [36m304[0m 6.845 ms - -[0m
[0mGET /css/landing.css [36m304[0m 0.818 ms - -[0m
[0mGET /css/style.css [36m304[0m 1.298 ms - -[0m
[0mGET /js/events-page.js [36m304[0m 1.093 ms - -[0m
[0mGET /js/utils.js [36m304[0m 0.140 ms - -[0m
[0mGET /api/auth/me [36m304[0m 99.529 ms - -[0m
[0mGET /api/events?page=1&limit=12&sort=upcoming [36m304[0m 110.473 ms - -[0m
[0mGET /dashboard.html [36m304[0m 0.595 ms - -[0m
[0mGET /css/style.css [36m304[0m 0.368 ms - -[0m
[0mGET /js/dashboard/dashboard.js [36m304[0m 0.408 ms - -[0m
[0mGET /css/dashboard.css [36m304[0m 0.512 ms - -[0m
[0mGET /js/utils.js [36m304[0m 0.123 ms - -[0m
[0mGET /api/auth/me [36m304[0m 1.588 ms - -[0m
[0mGET /js/dashboard/overview.js [32m200[0m 5.006 ms - 3034[0m
[0mGET /api/notifications/unread-count [36m304[0m 13.073 ms - -[0m
[0mGET /api/analytics/organizer [32m200[0m 9.345 ms - 170[0m
[0mGET /js/dashboard/events.js [36m304[0m 0.766 ms - -[0m
[0mGET /api/events/my-events/manage [32m200[0m 8.129 ms - 26[0m
[0mGET /api/analytics/organizer [36m304[0m 5.789 ms - -[0m
[0mGET /api/events/my-events/manage [36m304[0m 2.712 ms - -[0m
[0mGET /js/dashboard/bookings.js [36m304[0m 0.557 ms - -[0m
[0mGET /api/bookings/my [36m304[0m 2.573 ms - -[0m
[0mGET /events.html [36m304[0m 0.274 ms - -[0m
[0mGET /css/style.css [36m304[0m 0.282 ms - -[0m
[0mGET /css/landing.css [36m304[0m 0.219 ms - -[0m
[0mGET /js/events-page.js [36m304[0m 0.279 ms - -[0m
[0mGET /js/utils.js [36m304[0m 0.243 ms - -[0m
[0mGET /api/auth/me [36m304[0m 2.212 ms - -[0m
[0mGET /api/events?page=1&limit=12&sort=upcoming [36m304[0m 3.527 ms - -[0m
[0mGET /api/events?page=1&limit=12&sort=upcoming&category=workshop [32m200[0m 7.525 ms - 80[0m
[0mGET /api/events?page=1&limit=12&sort=upcoming&category=workshop&format=in-person [32m200[0m 5.108 ms - 80[0m
[0mGET /api/events?page=1&limit=12&sort=rating&category=workshop&format=in-person [32m200[0m 4.629 ms - 80[0m
[0mGET /api/events?page=1&limit=12&sort=rating&category=workshop&format=in-person [36m304[0m 5.364 ms - -[0m
[0mGET /api/events?page=1&limit=12&sort= [32m200[0m 3.359 ms - 80[0m
[0mGET /api/events?page=1&limit=12&sort= [36m304[0m 7.483 ms - -[0m
[0mGET /events.html [36m304[0m 0.218 ms - -[0m
[0mGET /css/style.css [36m304[0m 0.564 ms - -[0m
[0mGET /css/landing.css [36m304[0m 0.133 ms - -[0m
[0mGET /js/events-page.js [36m304[0m 0.166 ms - -[0m
[0mGET /js/utils.js [36m304[0m 0.306 ms - -[0m
[0mGET /api/auth/me [36m304[0m 6.933 ms - -[0m
[0mGET /api/events?page=1&limit=12&sort=upcoming [36m304[0m 11.769 ms - -[0m
[0mGET /events.html [36m304[0m 0.231 ms - -[0m
[0mGET /css/style.css [36m304[0m 0.583 ms - -[0m
[0mGET /css/landing.css [36m304[0m 0.604 ms - -[0m
[0mGET /js/events-page.js [36m304[0m 0.682 ms - -[0m
[0mGET /js/utils.js [36m304[0m 0.318 ms - -[0m
[0mGET /api/auth/me [36m304[0m 2.444 ms - -[0m
[0mGET /api/events?page=1&limit=12&sort=upcoming [36m304[0m 3.616 ms - -[0m
[0mGET /dashboard.html [36m304[0m 0.525 ms - -[0m
[0mGET /css/style.css [36m304[0m 0.687 ms - -[0m
[0mGET /js/dashboard/dashboard.js [36m304[0m 0.668 ms - -[0m
[0mGET /css/dashboard.css [36m304[0m 0.714 ms - -[0m
[0mGET /js/utils.js [36m304[0m 0.254 ms - -[0m
[0mGET /api/auth/me [36m304[0m 1.565 ms - -[0m
[0mGET /js/dashboard/overview.js [36m304[0m 0.397 ms - -[0m
[0mGET /api/notifications/unread-count [36m304[0m 2.291 ms - -[0m
[0mGET /api/analytics/organizer [36m304[0m 3.961 ms - -[0m
[0mGET /js/dashboard/events.js [36m304[0m 0.458 ms - -[0m
[0mGET /api/events/my-events/manage [36m304[0m 2.488 ms - -[0m
node:events:486
      throw er; // Unhandled 'error' event
      ^

Error: read EIO
    at TTY.onStreamRead (node:internal/stream_base_commons:216:20)
Emitted 'error' event on ReadStream instance at:
    at emitErrorNT (node:internal/streams/destroy:170:8)
    at emitErrorCloseNT (node:internal/streams/destroy:129:3)
    at process.processTicksAndRejections (node:internal/process/task_queues:90:21) {
  errno: -5,
  code: 'EIO',
  syscall: 'read'
}

Node.js v24.14.0
